<?xml version="1.0" encoding="UTF-8"?>
<testng-results skipped="0" failed="0" ignored="0" total="1" passed="1">
  <reporter-output>
  </reporter-output>
  <suite name="Default suite" duration-ms="38474" started-at="2020-02-24T15:10:33Z" finished-at="2020-02-24T15:11:11Z">
    <groups>
    </groups>
    <test name="Default test" duration-ms="38474" started-at="2020-02-24T15:10:33Z" finished-at="2020-02-24T15:11:11Z">
      <class name="Tests.UploadStatus">
        <test-method status="PASS" signature="updateStatus(java.lang.String)[pri:0, instance:Tests.UploadStatus@2abafa97]" name="updateStatus" duration-ms="36721" started-at="2020-02-24T15:10:34Z" data-provider="devicename" finished-at="2020-02-24T15:11:11Z">
          <params>
            <param index="0">
              <value>
                <![CDATA[emulator]]>
              </value>
            </param>
          </params>
          <reporter-output>
          </reporter-output>
        </test-method> <!-- updateStatus -->
        <test-method status="PASS" signature="TearDown()[pri:0, instance:Tests.UploadStatus@2abafa97]" name="TearDown" is-config="true" duration-ms="960" started-at="2020-02-24T15:11:11Z" finished-at="2020-02-24T15:11:12Z">
          <reporter-output>
          </reporter-output>
        </test-method> <!-- TearDown -->
      </class> <!-- Tests.UploadStatus -->
    </test> <!-- Default test -->
  </suite> <!-- Default suite -->
</testng-results>
